SF:lib/src/ticker_future.dart
DA:6,0
DA:9,0
DA:12,0
LF:3
LH:0
end_of_record
SF:lib/src/widgets/animated_boolean_state.dart
DA:16,1
DA:39,1
DA:41,1
DA:48,1
DA:50,5
DA:51,2
DA:55,1
DA:57,3
DA:59,2
DA:60,3
LF:10
LH:10
end_of_record
SF:lib/src/widgets/animated_size_transition.dart
DA:9,1
DA:41,1
DA:43,1
DA:44,1
DA:45,1
DA:46,1
DA:48,1
DA:49,1
DA:50,1
DA:54,1
DA:55,1
DA:56,1
LF:12
LH:12
end_of_record
SF:lib/src/widgets/animated_visibility.dart
DA:10,2
DA:18,1
DA:42,1
DA:44,1
DA:45,1
DA:46,1
DA:47,1
DA:49,2
LF:8
LH:8
end_of_record
SF:lib/src/widgets/animated_location/animated_location.dart
DA:14,1
DA:28,1
DA:29,1
DA:35,1
DA:37,1
DA:38,3
DA:39,5
DA:42,1
DA:44,3
DA:45,1
DA:48,1
DA:50,1
DA:51,1
DA:52,2
LF:14
LH:14
end_of_record
SF:lib/src/widgets/animated_location/animated_location_scope.dart
DA:10,0
DA:29,1
DA:51,0
DA:52,0
DA:55,1
DA:56,1
DA:65,1
DA:68,2
DA:69,1
DA:70,2
DA:72,2
DA:73,1
DA:77,1
DA:81,1
DA:82,1
DA:83,2
DA:84,2
DA:85,2
DA:88,1
DA:90,1
DA:91,1
DA:92,1
DA:99,1
DA:104,1
DA:108,1
DA:110,3
DA:112,2
DA:113,2
DA:114,3
DA:115,1
DA:120,1
DA:121,2
DA:122,1
DA:125,1
DA:127,1
DA:129,2
DA:136,1
DA:153,1
DA:154,1
DA:156,3
DA:157,1
DA:158,2
DA:159,1
DA:164,1
DA:165,1
DA:166,1
DA:167,2
DA:175,1
DA:185,1
DA:187,1
DA:189,2
DA:191,1
DA:198,1
DA:200,1
DA:203,1
LF:55
LH:52
end_of_record
SF:lib/src/widgets/animated_location/render.dart
DA:8,1
DA:16,1
DA:18,1
DA:21,1
DA:23,1
DA:24,1
DA:28,0
DA:33,0
DA:38,1
DA:40,1
DA:42,1
DA:44,1
DA:46,3
DA:47,1
DA:57,1
DA:61,1
DA:65,1
DA:67,1
DA:70,1
DA:72,1
DA:73,1
DA:77,0
DA:82,0
DA:88,2
DA:90,1
DA:91,1
DA:93,1
DA:95,3
DA:96,1
DA:102,1
DA:105,1
DA:106,3
DA:109,2
DA:111,0
DA:112,0
DA:113,0
DA:114,0
DA:115,0
DA:116,0
DA:120,1
DA:122,1
DA:123,1
DA:126,1
DA:130,1
DA:131,1
DA:139,1
DA:140,2
DA:143,0
DA:149,1
DA:151,2
DA:153,0
DA:154,3
DA:155,2
DA:156,5
DA:159,1
DA:161,1
DA:162,3
DA:164,3
DA:167,1
DA:168,1
DA:181,1
DA:183,2
DA:184,1
DA:188,1
DA:190,2
DA:193,0
DA:195,0
DA:196,0
DA:198,0
DA:200,0
DA:202,0
LF:71
LH:53
end_of_record
SF:lib/src/widgets/animated_location/controller.dart
DA:9,1
DA:28,2
DA:41,4
DA:44,6
DA:46,1
DA:47,3
DA:48,2
DA:51,1
DA:52,2
DA:55,1
DA:56,1
DA:57,0
DA:58,0
DA:59,0
DA:64,0
DA:65,0
DA:69,1
DA:70,3
DA:71,1
DA:72,1
DA:73,4
DA:74,4
DA:75,2
DA:76,2
DA:80,0
DA:81,0
DA:82,0
DA:83,0
DA:84,0
DA:85,0
DA:88,1
DA:90,6
DA:91,2
DA:93,1
DA:96,1
DA:97,1
DA:103,3
DA:104,2
DA:107,0
DA:109,0
DA:110,0
DA:111,0
DA:118,1
DA:121,1
DA:122,2
DA:123,3
DA:124,2
DA:127,1
DA:128,2
DA:131,0
DA:132,0
LF:51
LH:34
end_of_record
SF:lib/src/widgets/animated_location/layer.dart
DA:13,1
DA:16,1
DA:17,3
DA:20,2
DA:22,0
DA:23,0
DA:24,0
DA:25,0
DA:26,0
DA:27,0
DA:31,1
DA:32,1
DA:33,1
DA:34,0
DA:38,1
DA:41,0
DA:43,0
DA:44,0
DA:47,1
DA:49,3
DA:50,2
DA:52,1
DA:53,4
DA:55,1
DA:57,3
DA:58,1
DA:63,2
DA:64,1
DA:65,1
DA:68,2
DA:70,1
DA:73,1
DA:75,2
DA:76,1
DA:80,0
DA:82,0
DA:83,0
DA:84,0
DA:90,0
DA:93,0
DA:94,0
DA:97,0
DA:99,0
DA:100,0
DA:101,0
DA:102,0
DA:103,0
DA:104,0
DA:108,0
DA:110,0
DA:111,0
DA:114,0
DA:118,0
DA:119,0
DA:127,0
DA:128,0
DA:131,0
DA:137,0
DA:139,0
DA:141,0
DA:142,0
DA:143,0
DA:144,0
DA:147,0
DA:149,0
DA:150,0
DA:152,0
DA:155,0
DA:156,0
DA:169,0
DA:171,0
DA:172,0
DA:176,0
DA:178,0
DA:181,0
DA:183,0
DA:184,0
DA:186,0
DA:188,0
DA:190,0
DA:197,1
DA:214,1
DA:215,1
DA:216,3
DA:217,1
DA:219,1
DA:222,3
DA:223,2
DA:224,1
DA:225,5
DA:226,5
DA:230,1
DA:237,3
DA:240,1
DA:244,1
DA:257,1
DA:258,1
DA:261,1
DA:262,3
DA:263,3
DA:266,2
DA:276,1
DA:278,1
DA:281,4
DA:282,4
DA:288,1
DA:289,1
DA:291,3
DA:296,6
DA:301,1
DA:303,1
DA:304,1
DA:308,3
DA:309,1
DA:311,1
DA:312,1
DA:313,1
DA:317,1
DA:319,1
DA:320,1
DA:321,1
DA:324,1
DA:326,1
DA:327,2
DA:332,1
DA:333,1
DA:334,3
DA:335,3
DA:337,1
DA:338,1
DA:351,1
DA:354,1
DA:356,3
DA:357,0
DA:358,0
DA:359,0
DA:360,0
DA:363,1
DA:365,2
DA:366,2
DA:367,2
DA:368,1
DA:370,1
DA:371,1
DA:373,1
DA:375,1
DA:378,0
DA:380,0
DA:381,0
DA:384,0
DA:386,0
DA:387,0
DA:389,0
DA:391,0
DA:393,0
LF:155
LH:86
end_of_record
SF:lib/src/widgets/tight_size_transition.dart
DA:10,1
DA:17,1
DA:31,2
DA:57,1
DA:60,2
DA:61,3
DA:63,0
DA:65,1
DA:66,1
DA:68,2
DA:69,3
DA:70,0
DA:71,2
DA:72,0
DA:73,1
DA:74,1
LF:16
LH:13
end_of_record
